<?xml version="1.0" encoding="UTF-8"?>
<!-- Generated by org.testng.reporters.JUnitReportReporter -->
<testsuite skipped="0" hostname="PC" name="MyRunner.TestRunner" tests="1" failures="0" timestamp="19 Mar 2021 03:38:33 GMT" time="70.924" errors="0">
  <testcase name="feature" time="70.924" classname="MyRunner.TestRunner"/>
</testsuite> <!-- MyRunner.TestRunner -->
